1685794783650:help
1685794870809:clear
1685794872124:help
1685794878839:clear
1685794885165:quit
1685796230051:hello-world
1685796235369:hello-world ARG
1685796262981:hello-world --arg boot
1685796390572:hello-world ArG
1685796396921:hello-world --arg ArG
1685796401981:hello-world --arg asd qwe
1685796417353:hello-world --arg "We can drive foreign cars"
1685862979431:help
1685863046086:mycommand1
1685863059596:hello-world
1685863064476:mycommand2
1685863366857:m2
1685863368552:mc2
1685863372362:mycommand2
1685863375034:help
1685863381733:mycommand2 mc2 m2
1685863423749:help
1685863426310:mc2
1685863429960:mycommand2
1685863432859:help
1685863440742:mc3
1685863566187:help
1685863810525:hi
1685863827543:help
1685863855380:parent hi
1685863876717:help
1685863904348:parent hi
1685863932220:help
1685863937070:parent hi
1685863957380:help
1685863979466:hi
1685864006053:acr hi
